
> ani-home@0.1.0 start
> react-scripts start

Browserslist: caniuse-lite is outdated. Please run:
  npx update-browserslist-db@latest
  Why you should do it regularly: https://github.com/browserslist/update-db#readme
(node:2824) [DEP_WEBPACK_DEV_SERVER_ON_AFTER_SETUP_MIDDLEWARE] DeprecationWarning: 'onAfterSetupMiddleware' option is deprecated. Please use the 'setupMiddlewares' option.
(Use `node --trace-deprecation ...` to show where the warning was created)
(node:2824) [DEP_WEBPACK_DEV_SERVER_ON_BEFORE_SETUP_MIDDLEWARE] DeprecationWarning: 'onBeforeSetupMiddleware' option is deprecated. Please use the 'setupMiddlewares' option.
Starting the development server...

Compiled with warnings.

[eslint] 
src\App.js
  Line 2:40:  'Link' is defined but never used       no-unused-vars
  Line 19:8:  'Test' is defined but never used       no-unused-vars
  Line 22:8:  'CardRPage' is defined but never used  no-unused-vars

src\components\Animal\AddAnimal.jsx
  Line 1:27:   'useEffect' is defined but never used              no-unused-vars
  Line 5:8:    'FloatingLabel' is defined but never used          no-unused-vars
  Line 14:8:   'axios' is defined but never used                  no-unused-vars
  Line 36:33:  'displayAlert' is assigned a value but never used  no-unused-vars
  Line 37:9:   'navigate' is assigned a value but never used      no-unused-vars
  Line 38:20:  'setUserName' is assigned a value but never used   no-unused-vars
  Line 92:15:  Duplicate key 'backgroundSize'                     no-dupe-keys

src\components\Appointments\AddAppointment.jsx
  Line 1:27:   'useEffect' is defined but never used             no-unused-vars
  Line 5:8:    'FloatingLabel' is defined but never used         no-unused-vars
  Line 13:8:   'AddAppoint' is defined but never used            no-unused-vars
  Line 27:9:   'navigate' is assigned a value but never used     no-unused-vars
  Line 29:20:  'setUserName' is assigned a value but never used  no-unused-vars
  Line 97:15:  Duplicate key 'backgroundSize'                    no-dupe-keys

src\components\Appointments\RescAppointments.jsx
  Line 1:17:  'useState' is defined but never used                                                                                                          no-unused-vars
  Line 7:10:  'Link' is defined but never used                                                                                                              no-unused-vars
  Line 15:6:  React Hook useEffect has missing dependencies: 'getAppointmentsRes' and 'user?.userName'. Either include them or remove the dependency array  react-hooks/exhaustive-deps

src\components\Appointments\UserAppointments.jsx
  Line 1:17:  'useState' is defined but never used                                                                                                           no-unused-vars
  Line 5:8:   'Button' is defined but never used                                                                                                             no-unused-vars
  Line 13:6:  React Hook useEffect has missing dependencies: 'getAppointmentsUser' and 'user?.userName'. Either include them or remove the dependency array  react-hooks/exhaustive-deps

src\components\Card\AniCard.jsx
  Line 3:8:  'Col' is defined but never used  no-unused-vars

src\components\Complaints\AddComplaint.jsx
  Line 1:27:   'useEffect' is defined but never used             no-unused-vars
  Line 5:8:    'FloatingLabel' is defined but never used         no-unused-vars
  Line 20:3:   Duplicate key 'address'                           no-dupe-keys
  Line 30:9:   'navigate' is assigned a value but never used     no-unused-vars
  Line 32:20:  'setUserName' is assigned a value but never used  no-unused-vars
  Line 93:15:  Duplicate key 'backgroundSize'                    no-dupe-keys

src\components\Complaints\Complaints.jsx
  Line 1:17:  'useState' is defined but never used                                                                                                   no-unused-vars
  Line 15:6:  React Hook useEffect has missing dependencies: 'getCompsUser' and 'user.userName'. Either include them or remove the dependency array  react-hooks/exhaustive-deps

src\components\Complaints\ResComp.jsx
  Line 1:17:  'useState' is defined but never used                                                                                               no-unused-vars
  Line 15:6:  React Hook useEffect has missing dependencies: 'getCompsCity' and 'user.city'. Either include them or remove the dependency array  react-hooks/exhaustive-deps

src\components\Complaints\UpdateComplaint.jsx
  Line 5:8:     'FloatingLabel' is defined but never used                                                                                           no-unused-vars
  Line 24:6:    React Hook useEffect has missing dependencies: 'compId' and 'getComplaintById'. Either include them or remove the dependency array  react-hooks/exhaustive-deps
  Line 62:9:    'navigate' is assigned a value but never used                                                                                       no-unused-vars
  Line 111:19:  Duplicate key 'backgroundSize'                                                                                                      no-dupe-keys

src\components\ContactUs\AllContactUs.jsx
  Line 1:17:   'useState' is defined but never used                                                                            no-unused-vars
  Line 12:34:  'user' is assigned a value but never used                                                                       no-unused-vars
  Line 15:6:   React Hook useEffect has a missing dependency: 'getContacts'. Either include it or remove the dependency array  react-hooks/exhaustive-deps

src\components\ContactUs\ContactUs.jsx
  Line 53:13:  'response' is assigned a value but never used  no-unused-vars
  Line 75:9:   Duplicate key 'backgroundSize'                 no-dupe-keys

src\components\Feedback\AllFeedbacks.jsx
  Line 1:17:  'useState' is defined but never used                                                                             no-unused-vars
  Line 16:6:  React Hook useEffect has a missing dependency: 'getFeedbacks'. Either include it or remove the dependency array  react-hooks/exhaustive-deps
  Line 22:9:  'navigate' is assigned a value but never used                                                                    no-unused-vars

src\components\Feedback\Feedback.jsx
  Line 25:20:  'setUsername' is assigned a value but never used                                                                                                                                                 no-unused-vars
  Line 28:9:   'navigate' is assigned a value but never used                                                                                                                                                    no-unused-vars
  Line 77:13:  Redundant alt attribute. Screen-readers already announce `img` tags as an image. You don’t need to use the words `image`, `photo,` or `picture` (or any specified custom words) in the alt prop  jsx-a11y/img-redundant-alt

src\components\Login\Login.jsx
  Line 74:194:  Duplicate key 'backgroundSize'  no-dupe-keys

src\components\MyNavbar\MyNavbar.jsx
  Line 5:17:  'useState' is defined but never used         no-unused-vars
  Line 5:27:  'useEffect' is defined but never used        no-unused-vars
  Line 7:10:  'FontAwesomeIcon' is defined but never used  no-unused-vars
  Line 8:10:  'faUser' is defined but never used           no-unused-vars

src\components\Orders\AddOrder.jsx
  Line 1:27:    'useEffect' is defined but never used             no-unused-vars
  Line 5:8:     'FloatingLabel' is defined but never used         no-unused-vars
  Line 29:9:    'navigate' is assigned a value but never used     no-unused-vars
  Line 31:20:   'setUserName' is assigned a value but never used  no-unused-vars
  Line 115:15:  Duplicate key 'backgroundSize'                    no-dupe-keys

src\components\Orders\Orders.jsx
  Line 1:17:  'useState' is defined but never used                                                                                                    no-unused-vars
  Line 15:6:  React Hook useEffect has missing dependencies: 'getOrdersUser' and 'user.userName'. Either include them or remove the dependency array  react-hooks/exhaustive-deps

src\components\Orders\UpdateOrder.jsx
  Line 5:8:     'FloatingLabel' is defined but never used                                                                                      no-unused-vars
  Line 24:6:    React Hook useEffect has missing dependencies: 'getOrderById' and 'ordId'. Either include them or remove the dependency array  react-hooks/exhaustive-deps
  Line 66:9:    'navigate' is assigned a value but never used                                                                                  no-unused-vars
  Line 145:15:  Duplicate key 'backgroundSize'                                                                                                 no-dupe-keys

src\components\Registration\UserProfile.jsx
  Line 1:27:   'useEffect' is defined but never used             no-unused-vars
  Line 24:20:  'setUserName' is assigned a value but never used  no-unused-vars
  Line 30:20:  'setUserRole' is assigned a value but never used  no-unused-vars
  Line 96:15:  Duplicate key 'backgroundSize'                    no-dupe-keys

src\components\VoiceSearch\VoiceSerach.jsx
  Line 29:6:  React Hook useEffect has a missing dependency: 'copydata'. Either include it or remove the dependency array                   react-hooks/exhaustive-deps
  Line 29:7:  The "http://localhost:8080/auth/animal" literal is not a valid dependency because it never changes. You can safely remove it  react-hooks/exhaustive-deps

src\context\appContext.js
  Line 1:17:    'createContext' is defined but never used      no-unused-vars
  Line 1:56:    'useEffect' is defined but never used          no-unused-vars
  Line 64:7:    'userRole' is assigned a value but never used  no-unused-vars
  Line 239:13:  'response' is assigned a value but never used  no-unused-vars
  Line 258:13:  'response' is assigned a value but never used  no-unused-vars
  Line 277:13:  'response' is assigned a value but never used  no-unused-vars
  Line 296:13:  'response' is assigned a value but never used  no-unused-vars
  Line 541:13:  'response' is assigned a value but never used  no-unused-vars

Search for the keywords to learn more about each warning.
To ignore, add // eslint-disable-next-line to the line before.

[1m[33mWARNING[39m[22m in [1m[eslint] 
src\App.js
  Line 2:40:  'Link' is defined but never used       no-unused-vars
  Line 19:8:  'Test' is defined but never used       no-unused-vars
  Line 22:8:  'CardRPage' is defined but never used  no-unused-vars

src\components\Animal\AddAnimal.jsx
  Line 1:27:   'useEffect' is defined but never used              no-unused-vars
  Line 5:8:    'FloatingLabel' is defined but never used          no-unused-vars
  Line 14:8:   'axios' is defined but never used                  no-unused-vars
  Line 36:33:  'displayAlert' is assigned a value but never used  no-unused-vars
  Line 37:9:   'navigate' is assigned a value but never used      no-unused-vars
  Line 38:20:  'setUserName' is assigned a value but never used   no-unused-vars
  Line 92:15:  [1m[31mDuplicate[39m[22m[1m key 'backgroundSize'                     no-dupe-keys

src\components\Appointments\AddAppointment.jsx
  Line 1:27:   'useEffect' is defined but never used             no-unused-vars
  Line 5:8:    'FloatingLabel' is defined but never used         no-unused-vars
  Line 13:8:   'AddAppoint' is defined but never used            no-unused-vars
  Line 27:9:   'navigate' is assigned a value but never used     no-unused-vars
  Line 29:20:  'setUserName' is assigned a value but never used  no-unused-vars
  Line 97:15:  [1m[31mDuplicate[39m[22m[1m key 'backgroundSize'                    no-dupe-keys

src\components\Appointments\RescAppointments.jsx
  Line 1:17:  'useState' is defined but never used                                                                                                          no-unused-vars
  Line 7:10:  'Link' is defined but never used                                                                                                              no-unused-vars
  Line 15:6:  React Hook useEffect has missing dependencies: 'getAppointmentsRes' and 'user?.userName'. Either include them or remove the dependency array  react-hooks/exhaustive-deps

src\components\Appointments\UserAppointments.jsx
  Line 1:17:  'useState' is defined but never used                                                                                                           no-unused-vars
  Line 5:8:   'Button' is defined but never used                                                                                                             no-unused-vars
  Line 13:6:  React Hook useEffect has missing dependencies: 'getAppointmentsUser' and 'user?.userName'. Either include them or remove the dependency array  react-hooks/exhaustive-deps

src\components\Card\AniCard.jsx
  Line 3:8:  'Col' is defined but never used  no-unused-vars

src\components\Complaints\AddComplaint.jsx
  Line 1:27:   'useEffect' is defined but never used             no-unused-vars
  Line 5:8:    'FloatingLabel' is defined but never used         no-unused-vars
  Line 20:3:   [1m[31mDuplicate[39m[22m[1m key 'address'                           no-dupe-keys
  Line 30:9:   'navigate' is assigned a value but never used     no-unused-vars
  Line 32:20:  'setUserName' is assigned a value but never used  no-unused-vars
  Line 93:15:  [1m[31mDuplicate[39m[22m[1m key 'backgroundSize'                    no-dupe-keys

src\components\Complaints\Complaints.jsx
  Line 1:17:  'useState' is defined but never used                                                                                                   no-unused-vars
  Line 15:6:  React Hook useEffect has missing dependencies: 'getCompsUser' and 'user.userName'. Either include them or remove the dependency array  react-hooks/exhaustive-deps

src\components\Complaints\ResComp.jsx
  Line 1:17:  'useState' is defined but never used                                                                                               no-unused-vars
  Line 15:6:  React Hook useEffect has missing dependencies: 'getCompsCity' and 'user.city'. Either include them or remove the dependency array  react-hooks/exhaustive-deps

src\components\Complaints\UpdateComplaint.jsx
  Line 5:8:     'FloatingLabel' is defined but never used                                                                                           no-unused-vars
  Line 24:6:    React Hook useEffect has missing dependencies: 'compId' and 'getComplaintById'. Either include them or remove the dependency array  react-hooks/exhaustive-deps
  Line 62:9:    'navigate' is assigned a value but never used                                                                                       no-unused-vars
  Line 111:19:  [1m[31mDuplicate[39m[22m[1m key 'backgroundSize'                                                                                                      no-dupe-keys

src\components\ContactUs\AllContactUs.jsx
  Line 1:17:   'useState' is defined but never used                                                                            no-unused-vars
  Line 12:34:  'user' is assigned a value but never used                                                                       no-unused-vars
  Line 15:6:   React Hook useEffect has a missing dependency: 'getContacts'. Either include it or remove the dependency array  react-hooks/exhaustive-deps

src\components\ContactUs\ContactUs.jsx
  Line 53:13:  'response' is assigned a value but never used  no-unused-vars
  Line 75:9:   [1m[31mDuplicate[39m[22m[1m key 'backgroundSize'                 no-dupe-keys

src\components\Feedback\AllFeedbacks.jsx
  Line 1:17:  'useState' is defined but never used                                                                             no-unused-vars
  Line 16:6:  React Hook useEffect has a missing dependency: 'getFeedbacks'. Either include it or remove the dependency array  react-hooks/exhaustive-deps
  Line 22:9:  'navigate' is assigned a value but never used                                                                    no-unused-vars

src\components\Feedback\Feedback.jsx
  Line 25:20:  'setUsername' is assigned a value but never used                                                                                                                                                 no-unused-vars
  Line 28:9:   'navigate' is assigned a value but never used                                                                                                                                                    no-unused-vars
  Line 77:13:  Redundant alt attribute. Screen-readers already announce `img` tags as an image. You don’t need to use the words `image`, `photo,` or `picture` (or any specified custom words) in the alt prop  jsx-a11y/img-redundant-alt

src\components\Login\Login.jsx
  Line 74:194:  [1m[31mDuplicate[39m[22m[1m key 'backgroundSize'  no-dupe-keys

src\components\MyNavbar\MyNavbar.jsx
  Line 5:17:  'useState' is defined but never used         no-unused-vars
  Line 5:27:  'useEffect' is defined but never used        no-unused-vars
  Line 7:10:  'FontAwesomeIcon' is defined but never used  no-unused-vars
  Line 8:10:  'faUser' is defined but never used           no-unused-vars

src\components\Orders\AddOrder.jsx
  Line 1:27:    'useEffect' is defined but never used             no-unused-vars
  Line 5:8:     'FloatingLabel' is defined but never used         no-unused-vars
  Line 29:9:    'navigate' is assigned a value but never used     no-unused-vars
  Line 31:20:   'setUserName' is assigned a value but never used  no-unused-vars
  Line 115:15:  [1m[31mDuplicate[39m[22m[1m key 'backgroundSize'                    no-dupe-keys

src\components\Orders\Orders.jsx
  Line 1:17:  'useState' is defined but never used                                                                                                    no-unused-vars
  Line 15:6:  React Hook useEffect has missing dependencies: 'getOrdersUser' and 'user.userName'. Either include them or remove the dependency array  react-hooks/exhaustive-deps

src\components\Orders\UpdateOrder.jsx
  Line 5:8:     'FloatingLabel' is defined but never used                                                                                      no-unused-vars
  Line 24:6:    React Hook useEffect has missing dependencies: 'getOrderById' and 'ordId'. Either include them or remove the dependency array  react-hooks/exhaustive-deps
  Line 66:9:    'navigate' is assigned a value but never used                                                                                  no-unused-vars
  Line 145:15:  [1m[31mDuplicate[39m[22m[1m key 'backgroundSize'                                                                                                 no-dupe-keys

src\components\Registration\UserProfile.jsx
  Line 1:27:   'useEffect' is defined but never used             no-unused-vars
  Line 24:20:  'setUserName' is assigned a value but never used  no-unused-vars
  Line 30:20:  'setUserRole' is assigned a value but never used  no-unused-vars
  Line 96:15:  [1m[31mDuplicate[39m[22m[1m key 'backgroundSize'                    no-dupe-keys

src\components\VoiceSearch\VoiceSerach.jsx
  Line 29:6:  React Hook useEffect has a missing dependency: 'copydata'. Either include it or remove the dependency array                   react-hooks/exhaustive-deps
  Line 29:7:  The "http://localhost:8080/auth/animal" literal is not a valid dependency because it never changes. You can safely remove it  react-hooks/exhaustive-deps

src\context\appContext.js
  Line 1:17:    'createContext' is defined but never used      no-unused-vars
  Line 1:56:    'useEffect' is defined but never used          no-unused-vars
  Line 64:7:    'userRole' is assigned a value but never used  no-unused-vars
  Line 239:13:  'response' is assigned a value but never used  no-unused-vars
  Line 258:13:  'response' is assigned a value but never used  no-unused-vars
  Line 277:13:  'response' is assigned a value but never used  no-unused-vars
  Line 296:13:  'response' is assigned a value but never used  no-unused-vars
  Line 541:13:  'response' is assigned a value but never used  no-unused-vars

[39m[22m

webpack compiled with [1m[33m1 warning[39m[22m
